<?xml version="1.0" encoding="UTF-8"?>
<!-- Generated by org.testng.reporters.JUnitReportReporter -->
<testsuite skipped="0" hostname="HELLO-MORNING.local" name="Tests.LoginTests" tests="1" failures="0" timestamp="15 Jun 2021 13:15:58 GMT" time="8.010" errors="0">
  <testcase name="sucessfulLogin" time="8.010" classname="Tests.LoginTests"/>
</testsuite> <!-- Tests.LoginTests -->
