<?xml version="1.0" encoding="UTF-8"?>
<!-- Generated by org.testng.reporters.JUnitReportReporter -->
<testsuite skipped="0" hostname="HELLO-MORNING.local" name="Tests.LoginTests" tests="3" failures="0" timestamp="03 Jul 2021 05:55:09 GMT" time="21.065" errors="0">
  <testcase name="sucessfulLogin" time="6.408" classname="Tests.LoginTests"/>
  <testcase name="invalidPassword" time="7.321" classname="Tests.LoginTests"/>
  <testcase name="invalidUserName" time="7.336" classname="Tests.LoginTests"/>
</testsuite> <!-- Tests.LoginTests -->
